<?xml version="1.0" encoding="UTF-8"?>
<!-- Generated by org.testng.reporters.JUnitReportReporter -->
<testsuite hostname="INPCD0388" failures="0" tests="1" name="arpit.automation.selenium.DemoForMaven" time="0.250" errors="0" timestamp="5 Mar 2019 07:44:15 GMT">
  <testcase classname="arpit.automation.selenium.DemoForMaven" name="demo" time="0.250"/>
</testsuite>
