<?xml version="1.0" encoding="UTF-8"?>
<!-- Generated by org.testng.reporters.JUnitReportReporter -->
<testsuite hostname="INPCD0388" failures="0" tests="3" name="arpit.automation.selenium.DataDriven" time="50.083" errors="0" timestamp="7 Mar 2019 09:24:40 GMT">
  <testcase classname="arpit.automation.selenium.DataDriven" name="LoginWordPress" time="16.335"/>
  <testcase classname="arpit.automation.selenium.DataDriven" name="LoginWordPress" time="14.242"/>
  <testcase classname="arpit.automation.selenium.DataDriven" name="LoginWordPress" time="19.506"/>
</testsuite>
