<?xml version="1.0" encoding="UTF-8"?>
<!-- Generated by org.testng.reporters.JUnitReportReporter -->
<testsuite hostname="INPCD0388" failures="0" tests="1" name="arpit.automation.selenium.DemoForMaven" time="0.059" errors="0" timestamp="1 Mar 2019 07:50:22 GMT">
  <testcase classname="arpit.automation.selenium.DemoForMaven" name="demo" time="0.059"/>
</testsuite>
